<?xml version="1.0" encoding="utf-8"?><testsuites name="pytest tests"><testsuite name="pytest" errors="0" failures="0" skipped="0" tests="20" time="2.642" timestamp="2026-06-23T17:19:41.018810+00:00" hostname="agent-env-7e298743-9292-4456-aaba-3fb29642dfd7"><testcase classname="backend.tests.backend_test.TestHealth" name="test_root" time="0.233" /><testcase classname="backend.tests.backend_test.TestSeed" name="test_venues_seeded" time="0.058" /><testcase classname="backend.tests.backend_test.TestSeed" name="test_events_seeded" time="0.047" /><testcase classname="backend.tests.backend_test.TestSeed" name="test_creators_seeded_with_rank" time="0.059" /><testcase classname="backend.tests.backend_test.TestAuth" name="test_register_returns_token_and_user" time="0.273" /><testcase classname="backend.tests.backend_test.TestAuth" name="test_register_duplicate_email" time="0.331" /><testcase classname="backend.tests.backend_test.TestAuth" name="test_login_success" time="0.267" /><testcase classname="backend.tests.backend_test.TestAuth" name="test_login_invalid" time="0.050" /><testcase classname="backend.tests.backend_test.TestAuth" name="test_me_with_token" time="0.092" /><testcase classname="backend.tests.backend_test.TestAuth" name="test_me_without_token" time="0.107" /><testcase classname="backend.tests.backend_test.TestVenues" name="test_filter_turf_mumbai" time="0.045" /><testcase classname="backend.tests.backend_test.TestVenues" name="test_get_single_venue" time="0.089" /><testcase classname="backend.tests.backend_test.TestVenues" name="test_get_venue_not_found" time="0.043" /><testcase classname="backend.tests.backend_test.TestVenues" name="test_create_venue_requires_auth" time="0.109" /><testcase classname="backend.tests.backend_test.TestVenues" name="test_create_venue_as_owner" time="0.364" /><testcase classname="backend.tests.backend_test.TestBookings" name="test_create_booking_and_list" time="0.154" /><testcase classname="backend.tests.backend_test.TestBookings" name="test_booking_invalid_venue" time="0.047" /><testcase classname="backend.tests.backend_test.TestSubscriptions" name="test_create_premium_sub" time="0.109" /><testcase classname="backend.tests.backend_test.TestSubscriptions" name="test_invalid_plan" time="0.045" /><testcase classname="backend.tests.backend_test.TestContact" name="test_submit_contact" time="0.047" /></testsuite></testsuites>